<?xml version="1.0" encoding="UTF-8"?>
<testsuite name="BadLoginPivotalTest" tests="1" skipped="0" failures="0" errors="0" timestamp="2021-03-24T00:42:49" hostname="DESKTOP-OH6V5V5" time="18.739">
  <properties/>
  <testcase name="loginWithInvalidCredentials" classname="BadLoginPivotalTest" time="18.739"/>
  <system-out><![CDATA[]]></system-out>
  <system-err><![CDATA[SLF4J: No SLF4J providers were found.
SLF4J: Defaulting to no-operation (NOP) logger implementation
SLF4J: See http://www.slf4j.org/codes.html#noProviders for further details.
Starting ChromeDriver 80.0.3987.106 (f68069574609230cf9b635cd784cfb1bf81bb53a-refs/branch-heads/3987@{#882}) on port 42373
Only local connections are allowed.
Please protect ports used by ChromeDriver and related test frameworks to prevent access by malicious code.
[1616546573.857][WARNING]: Timed out connecting to Chrome, retrying...
Mar 23, 2021 8:42:55 PM org.openqa.selenium.remote.ProtocolHandshake createSession
INFO: Detected dialect: W3C
[1616546577.426][SEVERE]: Timed out receiving message from renderer: 0.100
[1616546577.527][SEVERE]: Timed out receiving message from renderer: 0.100
[1616546577.628][SEVERE]: Timed out receiving message from renderer: 0.100
[1616546577.731][SEVERE]: Timed out receiving message from renderer: 0.100
[1616546577.834][SEVERE]: Timed out receiving message from renderer: 0.100
[1616546577.948][SEVERE]: Timed out receiving message from renderer: 0.100
[1616546578.069][SEVERE]: Timed out receiving message from renderer: 0.100
[1616546578.172][SEVERE]: Timed out receiving message from renderer: 0.100
[1616546578.278][SEVERE]: Timed out receiving message from renderer: 0.100
[1616546578.588][SEVERE]: Timed out receiving message from renderer: 0.100
[1616546579.264][SEVERE]: Timed out receiving message from renderer: 0.100
[1616546579.404][SEVERE]: Timed out receiving message from renderer: 0.100
[1616546579.518][SEVERE]: Timed out receiving message from renderer: 0.100
[1616546579.623][SEVERE]: Timed out receiving message from renderer: 0.100
[1616546579.726][SEVERE]: Timed out receiving message from renderer: 0.100
[1616546579.828][SEVERE]: Timed out receiving message from renderer: 0.100
[1616546579.930][SEVERE]: Timed out receiving message from renderer: 0.100
[1616546580.033][SEVERE]: Timed out receiving message from renderer: 0.100
[1616546580.137][SEVERE]: Timed out receiving message from renderer: 0.100
[1616546580.238][SEVERE]: Timed out receiving message from renderer: 0.100
[1616546580.438][SEVERE]: Timed out receiving message from renderer: 0.100
[1616546580.539][SEVERE]: Timed out receiving message from renderer: 0.100
[1616546580.640][SEVERE]: Timed out receiving message from renderer: 0.100
[1616546580.741][SEVERE]: Timed out receiving message from renderer: 0.100
[1616546580.843][SEVERE]: Timed out receiving message from renderer: 0.100
[1616546580.944][SEVERE]: Timed out receiving message from renderer: 0.100
[1616546581.045][SEVERE]: Timed out receiving message from renderer: 0.100
[1616546581.146][SEVERE]: Timed out receiving message from renderer: 0.100
[1616546581.337][SEVERE]: Timed out receiving message from renderer: 0.100
[1616546582.252][SEVERE]: Timed out receiving message from renderer: 0.100
[1616546582.410][SEVERE]: Timed out receiving message from renderer: 0.100
[1616546582.511][SEVERE]: Timed out receiving message from renderer: 0.100
[1616546582.612][SEVERE]: Timed out receiving message from renderer: 0.100
[1616546582.713][SEVERE]: Timed out receiving message from renderer: 0.100
[1616546582.814][SEVERE]: Timed out receiving message from renderer: 0.100
[1616546582.914][SEVERE]: Timed out receiving message from renderer: 0.100
[1616546583.015][SEVERE]: Timed out receiving message from renderer: 0.100
[1616546583.116][SEVERE]: Timed out receiving message from renderer: 0.100
[1616546583.218][SEVERE]: Timed out receiving message from renderer: 0.100
[1616546583.319][SEVERE]: Timed out receiving message from renderer: 0.100
[1616546583.419][SEVERE]: Timed out receiving message from renderer: 0.100
[1616546583.520][SEVERE]: Timed out receiving message from renderer: 0.100
[1616546583.621][SEVERE]: Timed out receiving message from renderer: 0.100
[1616546583.722][SEVERE]: Timed out receiving message from renderer: 0.100
[1616546583.823][SEVERE]: Timed out receiving message from renderer: 0.100
[1616546583.925][SEVERE]: Timed out receiving message from renderer: 0.100
[1616546584.026][SEVERE]: Timed out receiving message from renderer: 0.100
[1616546584.127][SEVERE]: Timed out receiving message from renderer: 0.100
[1616546584.227][SEVERE]: Timed out receiving message from renderer: 0.100
[1616546584.328][SEVERE]: Timed out receiving message from renderer: 0.100
[1616546584.429][SEVERE]: Timed out receiving message from renderer: 0.100
[1616546584.530][SEVERE]: Timed out receiving message from renderer: 0.100
[1616546584.631][SEVERE]: Timed out receiving message from renderer: 0.100
[1616546584.732][SEVERE]: Timed out receiving message from renderer: 0.100
[1616546584.833][SEVERE]: Timed out receiving message from renderer: 0.100
[1616546584.937][SEVERE]: Timed out receiving message from renderer: 0.100
[1616546585.038][SEVERE]: Timed out receiving message from renderer: 0.100
[1616546585.138][SEVERE]: Timed out receiving message from renderer: 0.100
[1616546585.239][SEVERE]: Timed out receiving message from renderer: 0.100
[1616546585.396][SEVERE]: Timed out receiving message from renderer: 0.100
[1616546585.497][SEVERE]: Timed out receiving message from renderer: 0.100
[1616546585.598][SEVERE]: Timed out receiving message from renderer: 0.100
[1616546585.698][SEVERE]: Timed out receiving message from renderer: 0.100
[1616546585.800][SEVERE]: Timed out receiving message from renderer: 0.100
[1616546585.901][SEVERE]: Timed out receiving message from renderer: 0.100
[1616546586.002][SEVERE]: Timed out receiving message from renderer: 0.100
[1616546586.104][SEVERE]: Timed out receiving message from renderer: 0.100
[1616546586.205][SEVERE]: Timed out receiving message from renderer: 0.100
[1616546586.307][SEVERE]: Timed out receiving message from renderer: 0.100
[1616546586.407][SEVERE]: Timed out receiving message from renderer: 0.100
[1616546586.508][SEVERE]: Timed out receiving message from renderer: 0.100
[1616546586.609][SEVERE]: Timed out receiving message from renderer: 0.100
[1616546586.710][SEVERE]: Timed out receiving message from renderer: 0.100
[1616546586.812][SEVERE]: Timed out receiving message from renderer: 0.100
[1616546586.913][SEVERE]: Timed out receiving message from renderer: 0.100
[1616546587.014][SEVERE]: Timed out receiving message from renderer: 0.100
[1616546588.094][SEVERE]: Timed out receiving message from renderer: 0.100
[1616546588.195][SEVERE]: Timed out receiving message from renderer: 0.100
[1616546588.297][SEVERE]: Timed out receiving message from renderer: 0.100
[1616546588.397][SEVERE]: Timed out receiving message from renderer: 0.100
]]></system-err>
</testsuite>
